{
  "timestamp": "2025-02-13T06:37:22.498Z",
  "type": "instruction",
  "data": {
    "programId": "CPMDWBwJDtYax9qW7AyRuVC19Cc4L4Vcy4n2BHAbHkCW",
    "type": "swap",
    "discriminator": "8fbe5adac41e33de"
  }
}

{
  "timestamp": "2025-02-13T06:37:22.877Z",
  "type": "instruction",
  "data": {
    "programId": "CPMDWBwJDtYax9qW7AyRuVC19Cc4L4Vcy4n2BHAbHkCW",
    "type": "swap",
    "discriminator": "8fbe5adac41e33de"
  }
}

{
  "timestamp": "2025-02-13T06:37:23.296Z",
  "type": "instruction",
  "data": {
    "programId": "CPMDWBwJDtYax9qW7AyRuVC19Cc4L4Vcy4n2BHAbHkCW",
    "type": "swap",
    "discriminator": "8fbe5adac41e33de"
  }
}

