{
  "timestamp": "2025-02-13T06:37:22.499Z",
  "type": "swap",
  "data": {
    "type": "swap",
    "input": {
      "token": "SOL",
      "amount": 62.5687,
      "decimals": 9
    },
    "output": {
      "token": "4QGCZU9vto49NwohfTLQd8JA6B49dacpMyNhfFB1W9We",
      "amount": 789570864,
      "decimals": 6
    },
    "timestamp": "2025-02-12T10:40:26.000Z"
  }
}

{
  "timestamp": "2025-02-13T06:37:22.877Z",
  "type": "swap",
  "data": {
    "type": "swap",
    "input": {
      "token": "SOL",
      "amount": 62.5687,
      "decimals": 9
    },
    "output": {
      "token": "4QGCZU9vto49NwohfTLQd8JA6B49dacpMyNhfFB1W9We",
      "amount": 789570864,
      "decimals": 6
    },
    "timestamp": "2025-02-12T10:40:26.000Z"
  }
}

{
  "timestamp": "2025-02-13T06:37:23.297Z",
  "type": "swap",
  "data": {
    "type": "swap",
    "input": {
      "token": "SOL",
      "amount": 62.5687,
      "decimals": 9
    },
    "output": {
      "token": "4QGCZU9vto49NwohfTLQd8JA6B49dacpMyNhfFB1W9We",
      "amount": 789570864,
      "decimals": 6
    },
    "timestamp": "2025-02-12T10:40:26.000Z"
  }
}

